mode: atomic
github.com/semihalev/sdns/middleware/chaos/chaos.go:20.13,21.65 1 1
github.com/semihalev/sdns/middleware/chaos/chaos.go:21.65,23.3 1 1
github.com/semihalev/sdns/middleware/chaos/chaos.go:27.37,32.2 1 1
github.com/semihalev/sdns/middleware/chaos/chaos.go:35.31,35.46 1 1
github.com/semihalev/sdns/middleware/chaos/chaos.go:38.64,43.70 3 4
github.com/semihalev/sdns/middleware/chaos/chaos.go:48.2,51.16 3 3
github.com/semihalev/sdns/middleware/chaos/chaos.go:82.2,83.12 2 2
github.com/semihalev/sdns/middleware/chaos/chaos.go:43.70,46.3 2 1
github.com/semihalev/sdns/middleware/chaos/chaos.go:52.42,61.6 1 1
github.com/semihalev/sdns/middleware/chaos/chaos.go:62.38,64.17 2 1
github.com/semihalev/sdns/middleware/chaos/chaos.go:68.3,76.6 1 1
github.com/semihalev/sdns/middleware/chaos/chaos.go:77.10,79.9 2 1
github.com/semihalev/sdns/middleware/chaos/chaos.go:64.17,66.4 1 0
github.com/semihalev/sdns/middleware/chaos/chaos.go:86.38,87.18 1 1
github.com/semihalev/sdns/middleware/chaos/chaos.go:90.2,90.16 1 0
github.com/semihalev/sdns/middleware/chaos/chaos.go:87.18,89.3 1 1
